Removed Pin From Net: NetName=GND Pin=USBC1-1
Removed Pin From Net: NetName=NetF1_1 Pin=USBC1-2
Removed Pin From Net: NetName=NetR32_2 Pin=USBC1-5
Removed Pin From Net: NetName=NetF1_1 Pin=USBC1-6
Removed Pin From Net: NetName=GND Pin=USBC1-7
Removed Pin From Net: NetName=GND Pin=USBC1-8
Removed Pin From Net: NetName=NetF1_1 Pin=USBC1-9
Removed Pin From Net: NetName=NetR31_1 Pin=USBC1-12
Removed Pin From Net: NetName=NetF1_1 Pin=USBC1-13
Removed Pin From Net: NetName=GND Pin=USBC1-14
Removed Member From Class: ClassName=NiXie_tube_clock Member=USBC1
Added Component: Designator=USB_TYPEC_6P(TYPE-C-SMD_TYPE-C-31-M-16)
Add component. Clean all parameters for all variants
Add component (AddParameter): Name = "BOM_JLCPCB Part Class"; Value = "Extended Part"; VariantName = "[No Variations]"
Add component (AddParameter): Name = "BOM_Manufacturer"; Value = "Shenzhen Kinghelm Elec"; VariantName = "[No Variations]"
Add component (AddParameter): Name = "BOM_Manufacturer Part"; Value = "KH-TYPE-C-6P"; VariantName = "[No Variations]"
Add component (AddParameter): Name = "BOM_Supplier"; Value = "LCSC"; VariantName = "[No Variations]"
Add component (AddParameter): Name = "BOM_Supplier Part"; Value = "C709355"; VariantName = "[No Variations]"
Add component (AddParameter): Name = "Contributor"; Value = "LCSC"; VariantName = "[No Variations]"
Add component (AddParameter): Name = "spicePre"; Value = "U"; VariantName = "[No Variations]"
Add component (AddParameter): Name = "spiceSymbolName"; Value = "KH-TYPE-C-6P"; VariantName = "[No Variations]"
Added Pin To Net: NetName=NetR32_2 Pin=USB_TYPEC_6P-A5
Added Pin To Net: NetName=NetF1_1 Pin=USB_TYPEC_6P-A9
Added Pin To Net: NetName=GND Pin=USB_TYPEC_6P-A12
Added Pin To Net: NetName=NetR31_1 Pin=USB_TYPEC_6P-B5
Added Pin To Net: NetName=NetF1_1 Pin=USB_TYPEC_6P-B9
Added Pin To Net: NetName=GND Pin=USB_TYPEC_6P-B12
Added Member To Class: ClassName=NiXie_tube_clock Member=Component USB_TYPEC_6P KH-TYPE-C-6P
